https://www.richardsonrfpd.com/Products/Search?endCategory=Tap__Switch
https://www.richardsonrfpd.com/Products/Search?endCategory=Custom__Multicavity__Shield
https://www.richardsonrfpd.com/Products/Search?endCategory=EMI__Kit
https://www.richardsonrfpd.com/Products/Search?endCategory=Strip__Material__EMI__Gasket
https://www.richardsonrfpd.com/Products/Search?endCategory=Fuse__Block-slash-Accessory
https://www.richardsonrfpd.com/Products/Search?endCategory=Low__Voltage__Fuse
https://www.richardsonrfpd.com/Products/Search?page=2&searchBox=Tuning Element&instockonly=False&setPageSize=25&fromFilter=true&isPageChange=True&fromPasteIn=False&endCategory=Tuning Element&X-Requested-With=XMLHttpRequest
https://www.richardsonrfpd.com/Products/Search?page=3&searchBox=Tuning Element&instockonly=False&setPageSize=25&fromFilter=true&isPageChange=True&fromPasteIn=False&endCategory=Tuning Element&X-Requested-With=XMLHttpRequest
https://www.richardsonrfpd.com/Products/Search?page=2&searchBox=RF Receiver Module&instockonly=False&setPageSize=25&fromFilter=true&isPageChange=True&fromPasteIn=False&endCategory=RF Receiver Module&X-Requested-With=XMLHttpRequest
https://www.richardsonrfpd.com/Products/Search?page=2&searchBox=Terminal Block&instockonly=False&setPageSize=25&fromFilter=true&isPageChange=True&fromPasteIn=False&endCategory=Terminal Block&X-Requested-With=XMLHttpRequest
https://www.richardsonrfpd.com/Products/Search?endCategory=Bluetooth__Adapter
https://www.richardsonrfpd.com/Products/Search?page=2&searchBox=GPS Development Kit&instockonly=False&setPageSize=25&fromFilter=true&isPageChange=True&fromPasteIn=False&endCategory=GPS Development Kit&X-Requested-With=XMLHttpRequest
https://www.richardsonrfpd.com/Products/Search?endCategory=433__MHz__ISM__Module
https://www.richardsonrfpd.com/Products/Search?endCategory=Hi-Q__Variable__Capacitor__Kit
https://www.richardsonrfpd.com/Products/Search?page=2&searchBox=Hi-Q Variable Capacitor Kit&instockonly=False&setPageSize=25&fromFilter=true&isPageChange=True&fromPasteIn=False&endCategory=Hi-Q Variable Capacitor Kit&X-Requested-With=XMLHttpRequest
https://www.richardsonrfpd.com/Products/Search?endCategory=RF__Choke__Inductor
https://www.richardsonrfpd.com/Products/Search?page=2&searchBox=RF Coil Inductor&instockonly=False&setPageSize=25&fromFilter=true&isPageChange=True&fromPasteIn=False&endCategory=RF Coil Inductor&X-Requested-With=XMLHttpRequest
https://www.richardsonrfpd.com/Products/Search?endCategory=Magnetics__-__Miscellaneous
https://www.richardsonrfpd.com/Products/Search?endCategory=Audio__Transformer
https://www.richardsonrfpd.com/Products/Search?endCategory=Current__Transformer
https://www.richardsonrfpd.com/Products/Search?endCategory=Impedance__Transformer
https://www.richardsonrfpd.com/Products/Search?endCategory=Resistor__Assembly
https://www.richardsonrfpd.com/Products/Search?endCategory=RF__Small__Signal__Transistor__MESFET
https://www.richardsonrfpd.com/Products/Search?endCategory=Microphone__IC
https://www.richardsonrfpd.com/Products/Search?endCategory=Multi-Function__Tuner__IC
https://www.richardsonrfpd.com/Products/Search?endCategory=Crosspoint__Switch__Evaluation__Board
https://www.richardsonrfpd.com/Products/Search?endCategory=Digital__Front__End__Processor
https://www.richardsonrfpd.com/Products/Search?endCategory=mmW__Amplifier__Evaluation__Board__-slash-__Designer__Kit
https://www.richardsonrfpd.com/Products/Search?endCategory=RF__Power__Amplifier__Software__Reference__Designs
https://www.richardsonrfpd.com/Products/Search?endCategory=SDR__Learning__Module
https://www.richardsonrfpd.com/Products/Search?endCategory=Technical__Books
https://www.richardsonrfpd.com/Products/Search?endCategory=Programmable__Logic__SoC__Eval__Kit
https://www.richardsonrfpd.com/Products/Search?endCategory=RF__Amplifier__System__Accessories
https://www.richardsonrfpd.com/Products/Search?endCategory=RF__Energy__Development__Tool
https://www.richardsonrfpd.com/Products/Search?endCategory=RF__Limiting__Amplifier__Module
https://www.richardsonrfpd.com/Products/Search?page=2&searchBox=RF Power Amplifier Module&instockonly=False&setPageSize=25&fromFilter=true&isPageChange=True&fromPasteIn=False&endCategory=RF Power Amplifier Module&X-Requested-With=XMLHttpRequest
https://www.richardsonrfpd.com/Products/Search?endCategory=RF__Signal__Generator
https://www.richardsonrfpd.com/Products/Search?endCategory=Tap__Switch
https://www.richardsonrfpd.com/Products/Search?endCategory=Custom__Multicavity__Shield
https://www.richardsonrfpd.com/Products/Search?endCategory=EMI__Kit
https://www.richardsonrfpd.com/Products/Search?endCategory=Strip__Material__EMI__Gasket
https://www.richardsonrfpd.com/Products/Search?endCategory=Fuse__Block-slash-Accessory
https://www.richardsonrfpd.com/Products/Search?endCategory=Low__Voltage__Fuse
https://www.richardsonrfpd.com/Products/Search?page=2&searchBox=Tuning Element&instockonly=False&setPageSize=25&fromFilter=true&isPageChange=True&fromPasteIn=False&endCategory=Tuning Element&X-Requested-With=XMLHttpRequest
https://www.richardsonrfpd.com/Products/Search?page=3&searchBox=Tuning Element&instockonly=False&setPageSize=25&fromFilter=true&isPageChange=True&fromPasteIn=False&endCategory=Tuning Element&X-Requested-With=XMLHttpRequest
https://www.richardsonrfpd.com/Products/Search?page=2&searchBox=RF Receiver Module&instockonly=False&setPageSize=25&fromFilter=true&isPageChange=True&fromPasteIn=False&endCategory=RF Receiver Module&X-Requested-With=XMLHttpRequest
https://www.richardsonrfpd.com/Products/Search?page=2&searchBox=Terminal Block&instockonly=False&setPageSize=25&fromFilter=true&isPageChange=True&fromPasteIn=False&endCategory=Terminal Block&X-Requested-With=XMLHttpRequest
https://www.richardsonrfpd.com/Products/Search?endCategory=Bluetooth__Adapter
https://www.richardsonrfpd.com/Products/Search?page=2&searchBox=GPS Development Kit&instockonly=False&setPageSize=25&fromFilter=true&isPageChange=True&fromPasteIn=False&endCategory=GPS Development Kit&X-Requested-With=XMLHttpRequest
https://www.richardsonrfpd.com/Products/Search?endCategory=433__MHz__ISM__Module
https://www.richardsonrfpd.com/Products/Search?endCategory=Hi-Q__Variable__Capacitor__Kit
https://www.richardsonrfpd.com/Products/Search?page=2&searchBox=Hi-Q Variable Capacitor Kit&instockonly=False&setPageSize=25&fromFilter=true&isPageChange=True&fromPasteIn=False&endCategory=Hi-Q Variable Capacitor Kit&X-Requested-With=XMLHttpRequest
https://www.richardsonrfpd.com/Products/Search?endCategory=RF__Choke__Inductor
https://www.richardsonrfpd.com/Products/Search?page=2&searchBox=RF Coil Inductor&instockonly=False&setPageSize=25&fromFilter=true&isPageChange=True&fromPasteIn=False&endCategory=RF Coil Inductor&X-Requested-With=XMLHttpRequest
https://www.richardsonrfpd.com/Products/Search?endCategory=Tap__Switch
https://www.richardsonrfpd.com/Products/Search?endCategory=Custom__Multicavity__Shield
https://www.richardsonrfpd.com/Products/Search?endCategory=EMI__Kit
https://www.richardsonrfpd.com/Products/Search?endCategory=Strip__Material__EMI__Gasket
https://www.richardsonrfpd.com/Products/Search?endCategory=Fuse__Block-slash-Accessory
https://www.richardsonrfpd.com/Products/Search?endCategory=Low__Voltage__Fuse
https://www.richardsonrfpd.com/Products/Search?endCategory=Tap__Switch
https://www.richardsonrfpd.com/Products/Search?endCategory=Custom__Multicavity__Shield
https://www.richardsonrfpd.com/Products/Search?endCategory=EMI__Kit
https://www.richardsonrfpd.com/Products/Search?endCategory=Strip__Material__EMI__Gasket
https://www.richardsonrfpd.com/Products/Search?endCategory=Fuse__Block-slash-Accessory
https://www.richardsonrfpd.com/Products/Search?endCategory=Low__Voltage__Fuse
https://www.richardsonrfpd.com/Products/Search?endCategory=Tap__Switch
https://www.richardsonrfpd.com/Products/Search?endCategory=Custom__Multicavity__Shield
https://www.richardsonrfpd.com/Products/Search?endCategory=EMI__Kit
https://www.richardsonrfpd.com/Products/Search?endCategory=Strip__Material__EMI__Gasket
https://www.richardsonrfpd.com/Products/Search?endCategory=Fuse__Block-slash-Accessory
https://www.richardsonrfpd.com/Products/Search?endCategory=Low__Voltage__Fuse
